<?xml version="1.0" encoding="UTF-8"?>
<!-- Generated by org.testng.reporters.JUnitReportReporter -->
<testsuite hostname="Admins-MacBook-Pro.local" failures="0" tests="1" name="restapi.scenario.E2eTest" time="5.719" errors="0" timestamp="2025-02-22T12:03:55 WIB" skipped="0">
  <testcase classname="restapi.scenario.E2eTest" name="scenarioE2eTest" time="5.719"/>
</testsuite> <!-- restapi.scenario.E2eTest -->
