<?xml version="1.0" encoding="UTF-8"?>
<!-- Generated by org.testng.reporters.JUnitReportReporter -->
<testsuite hostname="Admins-MacBook-Pro.local" failures="0" tests="1" name="restapi.RestApiTest" time="3.425" errors="0" timestamp="2025-02-22T11:03:06 WIB" skipped="0">
  <testcase classname="restapi.RestApiTest" name="deleteObject" time="3.425"/>
</testsuite> <!-- restapi.RestApiTest -->
